# JRE version: OpenJDK Runtime Environment (11.0.13) (build 11.0.13+0-b1751.21-8125866)
# Java VM: OpenJDK 64-Bit Server VM (11.0.13+0-b1751.21-8125866, mixed mode, tiered, compressed oops, g1 gc, windows-amd64)
Heap:
 garbage-first heap   total 155648K, used 62071K [0x0000000081800000, 0x0000000100000000)
  region size 1024K, 27 young (27648K), 10 survivors (10240K)
 Metaspace       used 60949K, capacity 62464K, committed 62800K, reserved 1103872K
  class space    used 7672K, capacity 8282K, committed 8396K, reserved 1048576K
GC Heap History (20 events):
Event: 1.019 GC heap before
{Heap before GC invocations=0 (full 0):
 garbage-first heap   total 129024K, used 29696K [0x0000000081800000, 0x0000000100000000)
  region size 1024K, 24 young (24576K), 0 survivors (0K)
 Metaspace       used 10132K, capacity 10339K, committed 10624K, reserved 1058816K
  class space    used 1037K, capacity 1106K, committed 1152K, reserved 1048576K
}
Event: 1.025 GC heap after
{Heap after GC invocations=1 (full 0):
 garbage-first heap   total 129024K, used 9467K [0x0000000081800000, 0x0000000100000000)
  region size 1024K, 3 young (3072K), 3 survivors (3072K)
 Metaspace       used 10132K, capacity 10339K, committed 10624K, reserved 1058816K
  class space    used 1037K, capacity 1106K, committed 1152K, reserved 1048576K
}
Event: 2.897 GC heap before
{Heap before GC invocations=1 (full 0):
 garbage-first heap   total 129024K, used 83195K [0x0000000081800000, 0x0000000100000000)
  region size 1024K, 75 young (76800K), 3 survivors (3072K)
 Metaspace       used 17528K, capacity 17953K, committed 18176K, reserved 1064960K
  class space    used 2039K, capacity 2179K, committed 2304K, reserved 1048576K
}
Event: 2.904 GC heap after
{Heap after GC invocations=2 (full 0):
 garbage-first heap   total 129024K, used 16391K [0x0000000081800000, 0x0000000100000000)
  region size 1024K, 10 young (10240K), 10 survivors (10240K)
 Metaspace       used 17528K, capacity 17953K, committed 18176K, reserved 1064960K
  class space    used 2039K, capacity 2179K, committed 2304K, reserved 1048576K
}
Event: 3.251 GC heap before
{Heap before GC invocations=2 (full 0):
 garbage-first heap   total 129024K, used 46087K [0x0000000081800000, 0x0000000100000000)
  region size 1024K, 40 young (40960K), 10 survivors (10240K)
 Metaspace       used 20779K, capacity 21199K, committed 21296K, reserved 1069056K
  class space    used 2531K, capacity 2686K, committed 2688K, reserved 1048576K
}
Event: 3.261 GC heap after
{Heap after GC invocations=3 (full 0):
 garbage-first heap   total 129024K, used 17571K [0x0000000081800000, 0x0000000100000000)
  region size 1024K, 2 young (2048K), 2 survivors (2048K)
 Metaspace       used 20779K, capacity 21199K, committed 21296K, reserved 1069056K
  class space    used 2531K, capacity 2686K, committed 2688K, reserved 1048576K
}
Event: 3.857 GC heap before
{Heap before GC invocations=4 (full 0):
 garbage-first heap   total 129024K, used 72867K [0x0000000081800000, 0x0000000100000000)
  region size 1024K, 56 young (57344K), 2 survivors (2048K)
 Metaspace       used 26513K, capacity 27157K, committed 27388K, reserved 1073152K
  class space    used 3433K, capacity 3640K, committed 3660K, reserved 1048576K
}
Event: 3.860 GC heap after
{Heap after GC invocations=5 (full 0):
 garbage-first heap   total 129024K, used 19167K [0x0000000081800000, 0x0000000100000000)
  region size 1024K, 3 young (3072K), 3 survivors (3072K)
 Metaspace       used 26513K, capacity 27157K, committed 27388K, reserved 1073152K
  class space    used 3433K, capacity 3640K, committed 3660K, reserved 1048576K
}
Event: 4.518 GC heap before
{Heap before GC invocations=5 (full 0):
 garbage-first heap   total 129024K, used 81631K [0x0000000081800000, 0x0000000100000000)
  region size 1024K, 64 young (65536K), 3 survivors (3072K)
 Metaspace       used 33043K, capacity 33918K, committed 34172K, reserved 1079296K
  class space    used 4391K, capacity 4703K, committed 4812K, reserved 1048576K
}
Event: 4.524 GC heap after
{Heap after GC invocations=6 (full 0):
 garbage-first heap   total 129024K, used 21724K [0x0000000081800000, 0x0000000100000000)
  region size 1024K, 6 young (6144K), 6 survivors (6144K)
 Metaspace       used 33043K, capacity 33918K, committed 34172K, reserved 1079296K
  class space    used 4391K, capacity 4703K, committed 4812K, reserved 1048576K
}
Event: 4.629 GC heap before
{Heap before GC invocations=6 (full 0):
 garbage-first heap   total 129024K, used 26844K [0x0000000081800000, 0x0000000100000000)
  region size 1024K, 12 young (12288K), 6 survivors (6144K)
 Metaspace       used 35094K, capacity 35948K, committed 36048K, reserved 1081344K
  class space    used 4524K, capacity 4870K, committed 4940K, reserved 1048576K
}
Event: 4.637 GC heap after
{Heap after GC invocations=7 (full 0):
 garbage-first heap   total 129024K, used 22734K [0x0000000081800000, 0x0000000100000000)
  region size 1024K, 6 young (6144K), 6 survivors (6144K)
 Metaspace       used 35094K, capacity 35948K, committed 36048K, reserved 1081344K
  class space    used 4524K, capacity 4870K, committed 4940K, reserved 1048576K
}
Event: 5.230 GC heap before
{Heap before GC invocations=8 (full 0):
 garbage-first heap   total 129024K, used 86222K [0x0000000081800000, 0x0000000100000000)
  region size 1024K, 66 young (67584K), 6 survivors (6144K)
 Metaspace       used 40438K, capacity 41368K, committed 41552K, reserved 1085440K
  class space    used 5075K, capacity 5450K, committed 5580K, reserved 1048576K
}
Event: 5.247 GC heap after
{Heap after GC invocations=9 (full 0):
 garbage-first heap   total 129024K, used 29143K [0x0000000081800000, 0x0000000100000000)
  region size 1024K, 9 young (9216K), 9 survivors (9216K)
 Metaspace       used 40438K, capacity 41368K, committed 41552K, reserved 1085440K
  class space    used 5075K, capacity 5450K, committed 5580K, reserved 1048576K
}
Event: 5.865 GC heap before
{Heap before GC invocations=10 (full 0):
 garbage-first heap   total 129024K, used 88535K [0x0000000081800000, 0x0000000100000000)
  region size 1024K, 67 young (68608K), 9 survivors (9216K)
 Metaspace       used 45402K, capacity 46462K, committed 46800K, reserved 1089536K
  class space    used 5728K, capacity 6118K, committed 6220K, reserved 1048576K
}
Event: 5.876 GC heap after
{Heap after GC invocations=11 (full 0):
 garbage-first heap   total 155648K, used 31749K [0x0000000081800000, 0x0000000100000000)
  region size 1024K, 4 young (4096K), 4 survivors (4096K)
 Metaspace       used 45402K, capacity 46462K, committed 46800K, reserved 1089536K
  class space    used 5728K, capacity 6118K, committed 6220K, reserved 1048576K
}
Event: 6.732 GC heap before
{Heap before GC invocations=11 (full 0):
 garbage-first heap   total 155648K, used 105477K [0x0000000081800000, 0x0000000100000000)
  region size 1024K, 75 young (76800K), 4 survivors (4096K)
 Metaspace       used 49402K, capacity 50710K, committed 51024K, reserved 1093632K
  class space    used 6238K, capacity 6755K, committed 6860K, reserved 1048576K
}
Event: 6.737 GC heap after
{Heap after GC invocations=12 (full 0):
 garbage-first heap   total 155648K, used 35660K [0x0000000081800000, 0x0000000100000000)
  region size 1024K, 6 young (6144K), 6 survivors (6144K)
 Metaspace       used 49402K, capacity 50710K, committed 51024K, reserved 1093632K
  class space    used 6238K, capacity 6755K, committed 6860K, reserved 1048576K
}
Event: 7.795 GC heap before
{Heap before GC invocations=12 (full 0):
 garbage-first heap   total 155648K, used 112460K [0x0000000081800000, 0x0000000100000000)
  region size 1024K, 78 young (79872K), 6 survivors (6144K)
 Metaspace       used 57628K, capacity 58997K, committed 59216K, reserved 1101824K
  class space    used 7268K, capacity 7808K, committed 7884K, reserved 1048576K
}
Event: 7.803 GC heap after
{Heap after GC invocations=13 (full 0):
 garbage-first heap   total 155648K, used 45687K [0x0000000081800000, 0x0000000100000000)
  region size 1024K, 10 young (10240K), 10 survivors (10240K)
 Metaspace       used 57628K, capacity 58997K, committed 59216K, reserved 1101824K
  class space    used 7268K, capacity 7808K, committed 7884K, reserved 1048576K
}

