# JRE version: OpenJDK Runtime Environment (11.0.13) (build 11.0.13+0-b1751.21-8125866)
# Java VM: OpenJDK 64-Bit Server VM (11.0.13+0-b1751.21-8125866, mixed mode, tiered, compressed oops, g1 gc, windows-amd64)
Heap:
 garbage-first heap   total 129024K, used 28956K [0x0000000080000000, 0x0000000100000000)
  region size 1024K, 13 young (13312K), 1 survivors (1024K)
 Metaspace       used 22317K, capacity 22837K, committed 23164K, reserved 1069056K
  class space    used 2782K, capacity 2951K, committed 3072K, reserved 1048576K
GC Heap History (8 events):
Event: 0.974 GC heap before
{Heap before GC invocations=0 (full 0):
 garbage-first heap   total 129024K, used 29696K [0x0000000080000000, 0x0000000100000000)
  region size 1024K, 24 young (24576K), 0 survivors (0K)
 Metaspace       used 10130K, capacity 10339K, committed 10624K, reserved 1058816K
  class space    used 1037K, capacity 1106K, committed 1152K, reserved 1048576K
}
Event: 0.979 GC heap after
{Heap after GC invocations=1 (full 0):
 garbage-first heap   total 129024K, used 9463K [0x0000000080000000, 0x0000000100000000)
  region size 1024K, 3 young (3072K), 3 survivors (3072K)
 Metaspace       used 10130K, capacity 10339K, committed 10624K, reserved 1058816K
  class space    used 1037K, capacity 1106K, committed 1152K, reserved 1048576K
}
Event: 1.325 GC heap before
{Heap before GC invocations=1 (full 0):
 garbage-first heap   total 129024K, used 31991K [0x0000000080000000, 0x0000000100000000)
  region size 1024K, 25 young (25600K), 3 survivors (3072K)
 Metaspace       used 11235K, capacity 11520K, committed 11776K, reserved 1060864K
  class space    used 1155K, capacity 1244K, committed 1280K, reserved 1048576K
}
Event: 1.329 GC heap after
{Heap after GC invocations=2 (full 0):
 garbage-first heap   total 129024K, used 10311K [0x0000000080000000, 0x0000000100000000)
  region size 1024K, 1 young (1024K), 1 survivors (1024K)
 Metaspace       used 11235K, capacity 11520K, committed 11776K, reserved 1060864K
  class space    used 1155K, capacity 1244K, committed 1280K, reserved 1048576K
}
Event: 2.766 GC heap before
{Heap before GC invocations=2 (full 0):
 garbage-first heap   total 129024K, used 62535K [0x0000000080000000, 0x0000000100000000)
  region size 1024K, 52 young (53248K), 1 survivors (1024K)
 Metaspace       used 17974K, capacity 18450K, committed 18688K, reserved 1064960K
  class space    used 2099K, capacity 2228K, committed 2304K, reserved 1048576K
}
Event: 2.770 GC heap after
{Heap after GC invocations=3 (full 0):
 garbage-first heap   total 129024K, used 16592K [0x0000000080000000, 0x0000000100000000)
  region size 1024K, 7 young (7168K), 7 survivors (7168K)
 Metaspace       used 17974K, capacity 18450K, committed 18688K, reserved 1064960K
  class space    used 2099K, capacity 2228K, committed 2304K, reserved 1048576K
}
Event: 3.062 GC heap before
{Heap before GC invocations=3 (full 0):
 garbage-first heap   total 129024K, used 42192K [0x0000000080000000, 0x0000000100000000)
  region size 1024K, 33 young (33792K), 7 survivors (7168K)
 Metaspace       used 20703K, capacity 21166K, committed 21296K, reserved 1069056K
  class space    used 2517K, capacity 2665K, committed 2688K, reserved 1048576K
}
Event: 3.068 GC heap after
{Heap after GC invocations=4 (full 0):
 garbage-first heap   total 129024K, used 17692K [0x0000000080000000, 0x0000000100000000)
  region size 1024K, 1 young (1024K), 1 survivors (1024K)
 Metaspace       used 20703K, capacity 21166K, committed 21296K, reserved 1069056K
  class space    used 2517K, capacity 2665K, committed 2688K, reserved 1048576K
}

