# JRE version: OpenJDK Runtime Environment (11.0.13) (build 11.0.13+0-b1751.21-8125866)
# Java VM: OpenJDK 64-Bit Server VM (11.0.13+0-b1751.21-8125866, mixed mode, tiered, compressed oops, g1 gc, windows-amd64)
Heap:
 garbage-first heap   total 187392K, used 127051K [0x0000000080000000, 0x0000000100000000)
  region size 1024K, 29 young (29696K), 6 survivors (6144K)
 Metaspace       used 73726K, capacity 75670K, committed 75904K, reserved 1114112K
  class space    used 9551K, capacity 10257K, committed 10368K, reserved 1048576K
GC Heap History (20 events):
Event: 8.452 GC heap before
{Heap before GC invocations=17 (full 0):
 garbage-first heap   total 155648K, used 93522K [0x0000000080000000, 0x0000000100000000)
  region size 1024K, 17 young (17408K), 2 survivors (2048K)
 Metaspace       used 51338K, capacity 52828K, committed 52992K, reserved 1095680K
  class space    used 6522K, capacity 7062K, committed 7168K, reserved 1048576K
}
Event: 8.456 GC heap after
{Heap after GC invocations=18 (full 0):
 garbage-first heap   total 155648K, used 80817K [0x0000000080000000, 0x0000000100000000)
  region size 1024K, 3 young (3072K), 3 survivors (3072K)
 Metaspace       used 51338K, capacity 52828K, committed 52992K, reserved 1095680K
  class space    used 6522K, capacity 7062K, committed 7168K, reserved 1048576K
}
Event: 8.936 GC heap before
{Heap before GC invocations=19 (full 0):
 garbage-first heap   total 155648K, used 115633K [0x0000000080000000, 0x0000000100000000)
  region size 1024K, 37 young (37888K), 3 survivors (3072K)
 Metaspace       used 54884K, capacity 56561K, committed 56832K, reserved 1097728K
  class space    used 6973K, capacity 7604K, committed 7680K, reserved 1048576K
}
Event: 8.942 GC heap after
{Heap after GC invocations=20 (full 0):
 garbage-first heap   total 155648K, used 88373K [0x0000000080000000, 0x0000000100000000)
  region size 1024K, 5 young (5120K), 5 survivors (5120K)
 Metaspace       used 54884K, capacity 56561K, committed 56832K, reserved 1097728K
  class space    used 6973K, capacity 7604K, committed 7680K, reserved 1048576K
}
Event: 9.032 GC heap before
{Heap before GC invocations=21 (full 0):
 garbage-first heap   total 155648K, used 95541K [0x0000000080000000, 0x0000000100000000)
  region size 1024K, 12 young (12288K), 5 survivors (5120K)
 Metaspace       used 55093K, capacity 56753K, committed 56832K, reserved 1097728K
  class space    used 7002K, capacity 7604K, committed 7680K, reserved 1048576K
}
Event: 9.037 GC heap after
{Heap after GC invocations=22 (full 0):
 garbage-first heap   total 155648K, used 88962K [0x0000000080000000, 0x0000000100000000)
  region size 1024K, 2 young (2048K), 2 survivors (2048K)
 Metaspace       used 55093K, capacity 56753K, committed 56832K, reserved 1097728K
  class space    used 7002K, capacity 7604K, committed 7680K, reserved 1048576K
}
Event: 9.533 GC heap before
{Heap before GC invocations=23 (full 0):
 garbage-first heap   total 155648K, used 119682K [0x0000000080000000, 0x0000000100000000)
  region size 1024K, 30 young (30720K), 2 survivors (2048K)
 Metaspace       used 59062K, capacity 60802K, committed 60928K, reserved 1101824K
  class space    used 7462K, capacity 8076K, committed 8192K, reserved 1048576K
}
Event: 9.535 GC heap after
{Heap after GC invocations=24 (full 0):
 garbage-first heap   total 155648K, used 92269K [0x0000000080000000, 0x0000000100000000)
  region size 1024K, 3 young (3072K), 3 survivors (3072K)
 Metaspace       used 59062K, capacity 60802K, committed 60928K, reserved 1101824K
  class space    used 7462K, capacity 8076K, committed 8192K, reserved 1048576K
}
Event: 9.978 GC heap before
{Heap before GC invocations=24 (full 0):
 garbage-first heap   total 155648K, used 114797K [0x0000000080000000, 0x0000000100000000)
  region size 1024K, 26 young (26624K), 3 survivors (3072K)
 Metaspace       used 62801K, capacity 64606K, committed 64768K, reserved 1105920K
  class space    used 7948K, capacity 8622K, committed 8704K, reserved 1048576K
}
Event: 9.984 GC heap after
{Heap after GC invocations=25 (full 0):
 garbage-first heap   total 155648K, used 94654K [0x0000000080000000, 0x0000000100000000)
  region size 1024K, 4 young (4096K), 4 survivors (4096K)
 Metaspace       used 62801K, capacity 64606K, committed 64768K, reserved 1105920K
  class space    used 7948K, capacity 8622K, committed 8704K, reserved 1048576K
}
Event: 10.091 GC heap before
{Heap before GC invocations=26 (full 0):
 garbage-first heap   total 155648K, used 113086K [0x0000000080000000, 0x0000000100000000)
  region size 1024K, 18 young (18432K), 4 survivors (4096K)
 Metaspace       used 62767K, capacity 64543K, committed 64768K, reserved 1105920K
  class space    used 7936K, capacity 8600K, committed 8704K, reserved 1048576K
}
Event: 10.098 GC heap after
{Heap after GC invocations=27 (full 0):
 garbage-first heap   total 187392K, used 101152K [0x0000000080000000, 0x0000000100000000)
  region size 1024K, 4 young (4096K), 4 survivors (4096K)
 Metaspace       used 62767K, capacity 64543K, committed 64768K, reserved 1105920K
  class space    used 7936K, capacity 8600K, committed 8704K, reserved 1048576K
}
Event: 10.761 GC heap before
{Heap before GC invocations=28 (full 0):
 garbage-first heap   total 187392K, used 140064K [0x0000000080000000, 0x0000000100000000)
  region size 1024K, 40 young (40960K), 4 survivors (4096K)
 Metaspace       used 65645K, capacity 67408K, committed 67584K, reserved 1107968K
  class space    used 8290K, capacity 8929K, committed 8960K, reserved 1048576K
}
Event: 10.764 GC heap after
{Heap after GC invocations=29 (full 0):
 garbage-first heap   total 187392K, used 99716K [0x0000000080000000, 0x0000000100000000)
  region size 1024K, 3 young (3072K), 3 survivors (3072K)
 Metaspace       used 65645K, capacity 67408K, committed 67584K, reserved 1107968K
  class space    used 8290K, capacity 8929K, committed 8960K, reserved 1048576K
}
Event: 10.876 GC heap before
{Heap before GC invocations=29 (full 0):
 garbage-first heap   total 187392K, used 108932K [0x0000000080000000, 0x0000000100000000)
  region size 1024K, 13 young (13312K), 3 survivors (3072K)
 Metaspace       used 66476K, capacity 68217K, committed 68480K, reserved 1107968K
  class space    used 8407K, capacity 9027K, committed 9088K, reserved 1048576K
}
Event: 10.880 GC heap after
{Heap after GC invocations=30 (full 0):
 garbage-first heap   total 187392K, used 100327K [0x0000000080000000, 0x0000000100000000)
  region size 1024K, 3 young (3072K), 3 survivors (3072K)
 Metaspace       used 66476K, capacity 68217K, committed 68480K, reserved 1107968K
  class space    used 8407K, capacity 9027K, committed 9088K, reserved 1048576K
}
Event: 11.223 GC heap before
{Heap before GC invocations=31 (full 0):
 garbage-first heap   total 187392K, used 142311K [0x0000000080000000, 0x0000000100000000)
  region size 1024K, 44 young (45056K), 3 survivors (3072K)
 Metaspace       used 67440K, capacity 69369K, committed 69504K, reserved 1110016K
  class space    used 8556K, capacity 9236K, committed 9344K, reserved 1048576K
}
Event: 11.228 GC heap after
{Heap after GC invocations=32 (full 0):
 garbage-first heap   total 187392K, used 101513K [0x0000000080000000, 0x0000000100000000)
  region size 1024K, 5 young (5120K), 5 survivors (5120K)
 Metaspace       used 67440K, capacity 69369K, committed 69504K, reserved 1110016K
  class space    used 8556K, capacity 9236K, committed 9344K, reserved 1048576K
}
Event: 11.873 GC heap before
{Heap before GC invocations=32 (full 0):
 garbage-first heap   total 187392K, used 144521K [0x0000000080000000, 0x0000000100000000)
  region size 1024K, 47 young (48128K), 5 survivors (5120K)
 Metaspace       used 71737K, capacity 73556K, committed 73728K, reserved 1114112K
  class space    used 9277K, capacity 9947K, committed 9984K, reserved 1048576K
}
Event: 11.881 GC heap after
{Heap after GC invocations=33 (full 0):
 garbage-first heap   total 187392K, used 104523K [0x0000000080000000, 0x0000000100000000)
  region size 1024K, 6 young (6144K), 6 survivors (6144K)
 Metaspace       used 71737K, capacity 73556K, committed 73728K, reserved 1114112K
  class space    used 9277K, capacity 9947K, committed 9984K, reserved 1048576K
}

