# JRE version: OpenJDK Runtime Environment (11.0.13) (build 11.0.13+0-b1751.21-8125866)
# Java VM: OpenJDK 64-Bit Server VM (11.0.13+0-b1751.21-8125866, mixed mode, tiered, compressed oops, g1 gc, windows-amd64)
Heap:
 garbage-first heap   total 187392K, used 101865K [0x0000000081800000, 0x0000000100000000)
  region size 1024K, 39 young (39936K), 11 survivors (11264K)
 Metaspace       used 82265K, capacity 84155K, committed 84432K, reserved 1122304K
  class space    used 10654K, capacity 11322K, committed 11416K, reserved 1048576K
GC Heap History (20 events):
Event: 4.436 GC heap before
{Heap before GC invocations=5 (full 0):
 garbage-first heap   total 129024K, used 76874K [0x0000000081800000, 0x0000000100000000)
  region size 1024K, 62 young (63488K), 4 survivors (4096K)
 Metaspace       used 35115K, capacity 35980K, committed 36048K, reserved 1081344K
  class space    used 4541K, capacity 4902K, committed 4940K, reserved 1048576K
}
Event: 4.446 GC heap after
{Heap after GC invocations=6 (full 0):
 garbage-first heap   total 129024K, used 22666K [0x0000000081800000, 0x0000000100000000)
  region size 1024K, 7 young (7168K), 7 survivors (7168K)
 Metaspace       used 35115K, capacity 35980K, committed 36048K, reserved 1081344K
  class space    used 4541K, capacity 4902K, committed 4940K, reserved 1048576K
}
Event: 5.187 GC heap before
{Heap before GC invocations=7 (full 0):
 garbage-first heap   total 129024K, used 94346K [0x0000000081800000, 0x0000000100000000)
  region size 1024K, 75 young (76800K), 7 survivors (7168K)
 Metaspace       used 40790K, capacity 41692K, committed 41756K, reserved 1085440K
  class space    used 5127K, capacity 5493K, committed 5528K, reserved 1048576K
}
Event: 5.204 GC heap after
{Heap after GC invocations=8 (full 0):
 garbage-first heap   total 129024K, used 29358K [0x0000000081800000, 0x0000000100000000)
  region size 1024K, 10 young (10240K), 10 survivors (10240K)
 Metaspace       used 40790K, capacity 41692K, committed 41756K, reserved 1085440K
  class space    used 5127K, capacity 5493K, committed 5528K, reserved 1048576K
}
Event: 5.822 GC heap before
{Heap before GC invocations=9 (full 0):
 garbage-first heap   total 129024K, used 95918K [0x0000000081800000, 0x0000000100000000)
  region size 1024K, 74 young (75776K), 10 survivors (10240K)
 Metaspace       used 46522K, capacity 47591K, committed 47772K, reserved 1091584K
  class space    used 5886K, capacity 6304K, committed 6424K, reserved 1048576K
}
Event: 5.832 GC heap after
{Heap after GC invocations=10 (full 0):
 garbage-first heap   total 155648K, used 31677K [0x0000000081800000, 0x0000000100000000)
  region size 1024K, 3 young (3072K), 3 survivors (3072K)
 Metaspace       used 46522K, capacity 47591K, committed 47772K, reserved 1091584K
  class space    used 5886K, capacity 6304K, committed 6424K, reserved 1048576K
}
Event: 6.708 GC heap before
{Heap before GC invocations=10 (full 0):
 garbage-first heap   total 155648K, used 116669K [0x0000000081800000, 0x0000000100000000)
  region size 1024K, 82 young (83968K), 3 survivors (3072K)
 Metaspace       used 50753K, capacity 52017K, committed 52124K, reserved 1095680K
  class space    used 6399K, capacity 6916K, committed 6936K, reserved 1048576K
}
Event: 6.715 GC heap after
{Heap after GC invocations=11 (full 0):
 garbage-first heap   total 155648K, used 43563K [0x0000000081800000, 0x0000000100000000)
  region size 1024K, 11 young (11264K), 11 survivors (11264K)
 Metaspace       used 50753K, capacity 52017K, committed 52124K, reserved 1095680K
  class space    used 6399K, capacity 6916K, committed 6936K, reserved 1048576K
}
Event: 7.646 GC heap before
{Heap before GC invocations=11 (full 0):
 garbage-first heap   total 155648K, used 118315K [0x0000000081800000, 0x0000000100000000)
  region size 1024K, 84 young (86016K), 11 survivors (11264K)
 Metaspace       used 60949K, capacity 62421K, committed 62748K, reserved 1103872K
  class space    used 7656K, capacity 8246K, committed 8344K, reserved 1048576K
}
Event: 7.657 GC heap after
{Heap after GC invocations=12 (full 0):
 garbage-first heap   total 155648K, used 49036K [0x0000000081800000, 0x0000000100000000)
  region size 1024K, 5 young (5120K), 5 survivors (5120K)
 Metaspace       used 60949K, capacity 62421K, committed 62748K, reserved 1103872K
  class space    used 7656K, capacity 8246K, committed 8344K, reserved 1048576K
}
Event: 8.537 GC heap before
{Heap before GC invocations=12 (full 0):
 garbage-first heap   total 155648K, used 125836K [0x0000000081800000, 0x0000000100000000)
  region size 1024K, 74 young (75776K), 5 survivors (5120K)
 Metaspace       used 65643K, capacity 67164K, committed 67484K, reserved 1107968K
  class space    used 8273K, capacity 8848K, committed 8984K, reserved 1048576K
}
Event: 8.545 GC heap after
{Heap after GC invocations=13 (full 0):
 garbage-first heap   total 155648K, used 52658K [0x0000000081800000, 0x0000000100000000)
  region size 1024K, 10 young (10240K), 10 survivors (10240K)
 Metaspace       used 65643K, capacity 67164K, committed 67484K, reserved 1107968K
  class space    used 8273K, capacity 8848K, committed 8984K, reserved 1048576K
}
Event: 9.015 GC heap before
{Heap before GC invocations=13 (full 0):
 garbage-first heap   total 155648K, used 110002K [0x0000000081800000, 0x0000000100000000)
  region size 1024K, 67 young (68608K), 10 survivors (10240K)
 Metaspace       used 68215K, capacity 69772K, committed 69916K, reserved 1110016K
  class space    used 8657K, capacity 9269K, committed 9368K, reserved 1048576K
}
Event: 9.034 GC heap after
{Heap after GC invocations=14 (full 0):
 garbage-first heap   total 155648K, used 56649K [0x0000000081800000, 0x0000000100000000)
  region size 1024K, 9 young (9216K), 9 survivors (9216K)
 Metaspace       used 68215K, capacity 69772K, committed 69916K, reserved 1110016K
  class space    used 8657K, capacity 9269K, committed 9368K, reserved 1048576K
}
Event: 9.921 GC heap before
{Heap before GC invocations=15 (full 0):
 garbage-first heap   total 155648K, used 123209K [0x0000000081800000, 0x0000000100000000)
  region size 1024K, 74 young (75776K), 9 survivors (9216K)
 Metaspace       used 74375K, capacity 76084K, committed 76112K, reserved 1116160K
  class space    used 9610K, capacity 10237K, committed 10264K, reserved 1048576K
}
Event: 9.936 GC heap after
{Heap after GC invocations=16 (full 0):
 garbage-first heap   total 155648K, used 61523K [0x0000000081800000, 0x0000000100000000)
  region size 1024K, 9 young (9216K), 9 survivors (9216K)
 Metaspace       used 74375K, capacity 76084K, committed 76112K, reserved 1116160K
  class space    used 9610K, capacity 10237K, committed 10264K, reserved 1048576K
}
Event: 10.754 GC heap before
{Heap before GC invocations=16 (full 0):
 garbage-first heap   total 155648K, used 123987K [0x0000000081800000, 0x0000000100000000)
  region size 1024K, 70 young (71680K), 9 survivors (9216K)
 Metaspace       used 80575K, capacity 82332K, committed 82640K, reserved 1120256K
  class space    used 10431K, capacity 11085K, committed 11160K, reserved 1048576K
}
Event: 10.765 GC heap after
{Heap after GC invocations=17 (full 0):
 garbage-first heap   total 187392K, used 65643K [0x0000000081800000, 0x0000000100000000)
  region size 1024K, 9 young (9216K), 9 survivors (9216K)
 Metaspace       used 80575K, capacity 82332K, committed 82640K, reserved 1120256K
  class space    used 10431K, capacity 11085K, committed 11160K, reserved 1048576K
}
Event: 11.412 GC heap before
{Heap before GC invocations=17 (full 0):
 garbage-first heap   total 187392K, used 143467K [0x0000000081800000, 0x0000000100000000)
  region size 1024K, 85 young (87040K), 9 survivors (9216K)
 Metaspace       used 82058K, capacity 83931K, committed 84176K, reserved 1122304K
  class space    used 10621K, capacity 11311K, committed 11416K, reserved 1048576K
}
Event: 11.429 GC heap after
{Heap after GC invocations=18 (full 0):
 garbage-first heap   total 187392K, used 74217K [0x0000000081800000, 0x0000000100000000)
  region size 1024K, 11 young (11264K), 11 survivors (11264K)
 Metaspace       used 82058K, capacity 83931K, committed 84176K, reserved 1122304K
  class space    used 10621K, capacity 11311K, committed 11416K, reserved 1048576K
}

