# JRE version: OpenJDK Runtime Environment (11.0.13) (build 11.0.13+0-b1751.21-8125866)
# Java VM: OpenJDK 64-Bit Server VM (11.0.13+0-b1751.21-8125866, mixed mode, tiered, compressed oops, g1 gc, windows-amd64)
Heap:
 garbage-first heap   total 368640K, used 235712K [0x0000000080000000, 0x0000000100000000)
  region size 1024K, 20 young (20480K), 5 survivors (5120K)
 Metaspace       used 130479K, capacity 134360K, committed 134448K, reserved 1165312K
  class space    used 16245K, capacity 17713K, committed 17792K, reserved 1048576K
GC Heap History (20 events):
Event: 93.110 GC heap before
{Heap before GC invocations=90 (full 0):
 garbage-first heap   total 307200K, used 267096K [0x0000000080000000, 0x0000000100000000)
  region size 1024K, 50 young (51200K), 2 survivors (2048K)
 Metaspace       used 129501K, capacity 133462K, committed 133680K, reserved 1165312K
  class space    used 16237K, capacity 17710K, committed 17792K, reserved 1048576K
}
Event: 93.115 GC heap after
{Heap after GC invocations=91 (full 0):
 garbage-first heap   total 307200K, used 217971K [0x0000000080000000, 0x0000000100000000)
  region size 1024K, 2 young (2048K), 2 survivors (2048K)
 Metaspace       used 129501K, capacity 133462K, committed 133680K, reserved 1165312K
  class space    used 16237K, capacity 17710K, committed 17792K, reserved 1048576K
}
Event: 93.309 GC heap before
{Heap before GC invocations=91 (full 0):
 garbage-first heap   total 307200K, used 267123K [0x0000000080000000, 0x0000000100000000)
  region size 1024K, 50 young (51200K), 2 survivors (2048K)
 Metaspace       used 129584K, capacity 133528K, committed 133680K, reserved 1165312K
  class space    used 16237K, capacity 17710K, committed 17792K, reserved 1048576K
}
Event: 93.315 GC heap after
{Heap after GC invocations=92 (full 0):
 garbage-first heap   total 307200K, used 217996K [0x0000000080000000, 0x0000000100000000)
  region size 1024K, 2 young (2048K), 2 survivors (2048K)
 Metaspace       used 129584K, capacity 133528K, committed 133680K, reserved 1165312K
  class space    used 16237K, capacity 17710K, committed 17792K, reserved 1048576K
}
Event: 93.492 GC heap before
{Heap before GC invocations=92 (full 0):
 garbage-first heap   total 307200K, used 268172K [0x0000000080000000, 0x0000000100000000)
  region size 1024K, 51 young (52224K), 2 survivors (2048K)
 Metaspace       used 129677K, capacity 133657K, committed 133936K, reserved 1165312K
  class space    used 16237K, capacity 17710K, committed 17792K, reserved 1048576K
}
Event: 93.497 GC heap after
{Heap after GC invocations=93 (full 0):
 garbage-first heap   total 307200K, used 218611K [0x0000000080000000, 0x0000000100000000)
  region size 1024K, 3 young (3072K), 3 survivors (3072K)
 Metaspace       used 129677K, capacity 133657K, committed 133936K, reserved 1165312K
  class space    used 16237K, capacity 17710K, committed 17792K, reserved 1048576K
}
Event: 93.638 GC heap before
{Heap before GC invocations=93 (full 0):
 garbage-first heap   total 307200K, used 268787K [0x0000000080000000, 0x0000000100000000)
  region size 1024K, 52 young (53248K), 3 survivors (3072K)
 Metaspace       used 129832K, capacity 133793K, committed 133936K, reserved 1165312K
  class space    used 16237K, capacity 17710K, committed 17792K, reserved 1048576K
}
Event: 93.644 GC heap after
{Heap after GC invocations=94 (full 0):
 garbage-first heap   total 307200K, used 218332K [0x0000000080000000, 0x0000000100000000)
  region size 1024K, 2 young (2048K), 2 survivors (2048K)
 Metaspace       used 129832K, capacity 133793K, committed 133936K, reserved 1165312K
  class space    used 16237K, capacity 17710K, committed 17792K, reserved 1048576K
}
Event: 93.750 GC heap before
{Heap before GC invocations=94 (full 0):
 garbage-first heap   total 307200K, used 269532K [0x0000000080000000, 0x0000000100000000)
  region size 1024K, 52 young (53248K), 2 survivors (2048K)
 Metaspace       used 130002K, capacity 133926K, committed 134192K, reserved 1165312K
  class space    used 16237K, capacity 17710K, committed 17792K, reserved 1048576K
}
Event: 93.757 GC heap after
{Heap after GC invocations=95 (full 0):
 garbage-first heap   total 307200K, used 218784K [0x0000000080000000, 0x0000000100000000)
  region size 1024K, 3 young (3072K), 3 survivors (3072K)
 Metaspace       used 130002K, capacity 133926K, committed 134192K, reserved 1165312K
  class space    used 16237K, capacity 17710K, committed 17792K, reserved 1048576K
}
Event: 93.892 GC heap before
{Heap before GC invocations=95 (full 0):
 garbage-first heap   total 307200K, used 269984K [0x0000000080000000, 0x0000000100000000)
  region size 1024K, 53 young (54272K), 3 survivors (3072K)
 Metaspace       used 130091K, capacity 134061K, committed 134192K, reserved 1165312K
  class space    used 16237K, capacity 17710K, committed 17792K, reserved 1048576K
}
Event: 93.897 GC heap after
{Heap after GC invocations=96 (full 0):
 garbage-first heap   total 307200K, used 219189K [0x0000000080000000, 0x0000000100000000)
  region size 1024K, 3 young (3072K), 3 survivors (3072K)
 Metaspace       used 130091K, capacity 134061K, committed 134192K, reserved 1165312K
  class space    used 16237K, capacity 17710K, committed 17792K, reserved 1048576K
}
Event: 94.120 GC heap before
{Heap before GC invocations=96 (full 0):
 garbage-first heap   total 307200K, used 270389K [0x0000000080000000, 0x0000000100000000)
  region size 1024K, 53 young (54272K), 3 survivors (3072K)
 Metaspace       used 130192K, capacity 134134K, committed 134448K, reserved 1165312K
  class space    used 16237K, capacity 17710K, committed 17792K, reserved 1048576K
}
Event: 94.133 GC heap after
{Heap after GC invocations=97 (full 0):
 garbage-first heap   total 368640K, used 219192K [0x0000000080000000, 0x0000000100000000)
  region size 1024K, 3 young (3072K), 3 survivors (3072K)
 Metaspace       used 130192K, capacity 134134K, committed 134448K, reserved 1165312K
  class space    used 16237K, capacity 17710K, committed 17792K, reserved 1048576K
}
Event: 94.519 GC heap before
{Heap before GC invocations=97 (full 0):
 garbage-first heap   total 368640K, used 305208K [0x0000000080000000, 0x0000000100000000)
  region size 1024K, 87 young (89088K), 3 survivors (3072K)
 Metaspace       used 130298K, capacity 134218K, committed 134448K, reserved 1165312K
  class space    used 16239K, capacity 17713K, committed 17792K, reserved 1048576K
}
Event: 94.533 GC heap after
{Heap after GC invocations=98 (full 0):
 garbage-first heap   total 368640K, used 219620K [0x0000000080000000, 0x0000000100000000)
  region size 1024K, 4 young (4096K), 4 survivors (4096K)
 Metaspace       used 130298K, capacity 134218K, committed 134448K, reserved 1165312K
  class space    used 16239K, capacity 17713K, committed 17792K, reserved 1048576K
}
Event: 101.129 GC heap before
{Heap before GC invocations=98 (full 0):
 garbage-first heap   total 368640K, used 307684K [0x0000000080000000, 0x0000000100000000)
  region size 1024K, 90 young (92160K), 4 survivors (4096K)
 Metaspace       used 130356K, capacity 134282K, committed 134448K, reserved 1165312K
  class space    used 16239K, capacity 17713K, committed 17792K, reserved 1048576K
}
Event: 101.138 GC heap after
{Heap after GC invocations=99 (full 0):
 garbage-first heap   total 368640K, used 219856K [0x0000000080000000, 0x0000000100000000)
  region size 1024K, 4 young (4096K), 4 survivors (4096K)
 Metaspace       used 130356K, capacity 134282K, committed 134448K, reserved 1165312K
  class space    used 16239K, capacity 17713K, committed 17792K, reserved 1048576K
}
Event: 101.605 GC heap before
{Heap before GC invocations=99 (full 0):
 garbage-first heap   total 368640K, used 313040K [0x0000000080000000, 0x0000000100000000)
  region size 1024K, 95 young (97280K), 4 survivors (4096K)
 Metaspace       used 130391K, capacity 134286K, committed 134448K, reserved 1165312K
  class space    used 16239K, capacity 17713K, committed 17792K, reserved 1048576K
}
Event: 101.616 GC heap after
{Heap after GC invocations=100 (full 0):
 garbage-first heap   total 368640K, used 220117K [0x0000000080000000, 0x0000000100000000)
  region size 1024K, 4 young (4096K), 4 survivors (4096K)
 Metaspace       used 130391K, capacity 134286K, committed 134448K, reserved 1165312K
  class space    used 16239K, capacity 17713K, committed 17792K, reserved 1048576K
}

